Using pre-set license
Built from '2021.3/release' branch; Version is '2021.3.12f1 (8af3c3e441b1) revision 9106371'; Using compiler version '192829333'; Build Type 'Release'
OS: 'Windows 11  (10.0.22621) 64bit CoreSingleLanguage' Language: 'en' Physical Memory: 16105 MB
BatchMode: 1, IsHumanControllingUs: 0, StartBugReporterOnCrash: 0, Is64bit: 1, IsPro: 1

COMMAND LINE ARGUMENTS:
C:\Program Files\Unity\Hub\Editor\2021.3.12f1\Editor\Unity.exe
-adb2
-batchMode
-noUpm
-name
AssetImportWorker2
-projectPath
C:/Users/VR Lab ASAP/OneDrive/Desktop/Helix-Jump-in-Unity-master
-logFile
Logs/AssetImportWorker2.log
-srvPort
61304
Successfully changed project path to: C:/Users/VR Lab ASAP/OneDrive/Desktop/Helix-Jump-in-Unity-master
C:/Users/VR Lab ASAP/OneDrive/Desktop/Helix-Jump-in-Unity-master
[UnityMemory] Configuration Parameters - Can be set up in boot.config
    "memorysetup-bucket-allocator-granularity=16"
    "memorysetup-bucket-allocator-bucket-count=8"
    "memorysetup-bucket-allocator-block-size=33554432"
    "memorysetup-bucket-allocator-block-count=8"
    "memorysetup-main-allocator-block-size=16777216"
    "memorysetup-thread-allocator-block-size=16777216"
    "memorysetup-gfx-main-allocator-block-size=16777216"
    "memorysetup-gfx-thread-allocator-block-size=16777216"
    "memorysetup-cache-allocator-block-size=4194304"
    "memorysetup-typetree-allocator-block-size=2097152"
    "memorysetup-profiler-bucket-allocator-granularity=16"
    "memorysetup-profiler-bucket-allocator-bucket-count=8"
    "memorysetup-profiler-bucket-allocator-block-size=33554432"
    "memorysetup-profiler-bucket-allocator-block-count=8"
    "memorysetup-profiler-allocator-block-size=16777216"
    "memorysetup-profiler-editor-allocator-block-size=1048576"
    "memorysetup-temp-allocator-size-main=16777216"
    "memorysetup-job-temp-allocator-block-size=2097152"
    "memorysetup-job-temp-allocator-block-size-background=1048576"
    "memorysetup-job-temp-allocator-reduction-small-platforms=262144"
    "memorysetup-temp-allocator-size-background-worker=32768"
    "memorysetup-temp-allocator-size-job-worker=262144"
    "memorysetup-temp-allocator-size-preload-manager=33554432"
    "memorysetup-temp-allocator-size-nav-mesh-worker=65536"
    "memorysetup-temp-allocator-size-audio-worker=65536"
    "memorysetup-temp-allocator-size-cloud-worker=32768"
    "memorysetup-temp-allocator-size-gi-baking-worker=262144"
    "memorysetup-temp-allocator-size-gfx=262144"
Refreshing native plugins compatible for Editor in 53.99 ms, found 2 plugins.
Preloading 0 native plugins for Editor in 0.00 ms.
Initialize engine version: 2021.3.12f1 (8af3c3e441b1)
[Subsystems] Discovering subsystems at path C:/Program Files/Unity/Hub/Editor/2021.3.12f1/Editor/Data/Resources/UnitySubsystems
[Subsystems] Discovering subsystems at path C:/Users/VR Lab ASAP/OneDrive/Desktop/Helix-Jump-in-Unity-master/Assets
GfxDevice: creating device client; threaded=0; jobified=0
Direct3D:
    Version:  Direct3D 11.0 [level 11.1]
    Renderer: NVIDIA GeForce RTX 3070 (ID=0x2488)
    Vendor:   NVIDIA
    VRAM:     8032 MB
    Driver:   31.0.15.2824
Initialize mono
Mono path[0] = 'C:/Program Files/Unity/Hub/Editor/2021.3.12f1/Editor/Data/Managed'
Mono path[1] = 'C:/Program Files/Unity/Hub/Editor/2021.3.12f1/Editor/Data/MonoBleedingEdge/lib/mono/unityjit-win32'
Mono config path = 'C:/Program Files/Unity/Hub/Editor/2021.3.12f1/Editor/Data/MonoBleedingEdge/etc'
Using monoOptions --debugger-agent=transport=dt_socket,embedding=1,server=y,suspend=n,address=127.0.0.1:56768
Begin MonoManager ReloadAssembly
Registering precompiled unity dll's ...
Register platform support module: C:/Program Files/Unity/Hub/Editor/2021.3.12f1/Editor/Data/PlaybackEngines/WebGLSupport/UnityEditor.WebGL.Extensions.dll
Register platform support module: C:/Program Files/Unity/Hub/Editor/2021.3.12f1/Editor/Data/PlaybackEngines/AndroidPlayer/UnityEditor.Android.Extensions.dll
Register platform support module: C:/Program Files/Unity/Hub/Editor/2021.3.12f1/Editor/Data/PlaybackEngines/WindowsStandaloneSupport/UnityEditor.WindowsStandalone.Extensions.dll
Registered in 0.004506 seconds.
Native extension for WindowsStandalone target not found
Native extension for Android target not found
Native extension for WebGL target not found
Refreshing native plugins compatible for Editor in 34.33 ms, found 2 plugins.
Preloading 0 native plugins for Editor in 0.00 ms.
Mono: successfully reloaded assembly
- Completed reload, in  0.521 seconds
Domain Reload Profiling:
	ReloadAssembly (522ms)
		BeginReloadAssembly (69ms)
			ExecutionOrderSort (0ms)
			DisableScriptedObjects (0ms)
			BackupInstance (0ms)
			ReleaseScriptingObjects (0ms)
			CreateAndSetChildDomain (1ms)
		EndReloadAssembly (361ms)
			LoadAssemblies (69ms)
			RebuildTransferFunctionScriptingTraits (0ms)
			SetupTypeCache (95ms)
			ReleaseScriptCaches (0ms)
			RebuildScriptCaches (23ms)
			SetupLoadedEditorAssemblies (201ms)
				LogAssemblyErrors (0ms)
				InitializePlatformSupportModulesInManaged (45ms)
				SetLoadedEditorAssemblies (0ms)
				RefreshPlugins (34ms)
				BeforeProcessingInitializeOnLoad (3ms)
				ProcessInitializeOnLoadAttributes (81ms)
				ProcessInitializeOnLoadMethodAttributes (37ms)
				AfterProcessingInitializeOnLoad (0ms)
				EditorAssembliesLoaded (0ms)
			ExecutionOrderSort2 (0ms)
			AwakeInstancesAfterBackupRestoration (0ms)
Platform modules already initialized, skipping
Registering precompiled user dll's ...
Registered in 0.004099 seconds.
Begin MonoManager ReloadAssembly
Native extension for WindowsStandalone target not found
Native extension for Android target not found
Native extension for WebGL target not found
Refreshing native plugins compatible for Editor in 0.83 ms, found 2 plugins.
Preloading 0 native plugins for Editor in 0.00 ms.
Package Manager log level set to [2]
Mono: successfully reloaded assembly
- Completed reload, in  1.002 seconds
Domain Reload Profiling:
	ReloadAssembly (1003ms)
		BeginReloadAssembly (202ms)
			ExecutionOrderSort (0ms)
			DisableScriptedObjects (5ms)
			BackupInstance (0ms)
			ReleaseScriptingObjects (0ms)
			CreateAndSetChildDomain (125ms)
		EndReloadAssembly (708ms)
			LoadAssemblies (62ms)
			RebuildTransferFunctionScriptingTraits (0ms)
			SetupTypeCache (198ms)
			ReleaseScriptCaches (0ms)
			RebuildScriptCaches (51ms)
			SetupLoadedEditorAssemblies (351ms)
				LogAssemblyErrors (0ms)
				InitializePlatformSupportModulesInManaged (14ms)
				SetLoadedEditorAssemblies (1ms)
				RefreshPlugins (1ms)
				BeforeProcessingInitializeOnLoad (62ms)
				ProcessInitializeOnLoadAttributes (168ms)
				ProcessInitializeOnLoadMethodAttributes (103ms)
				AfterProcessingInitializeOnLoad (3ms)
				EditorAssembliesLoaded (0ms)
			ExecutionOrderSort2 (0ms)
			AwakeInstancesAfterBackupRestoration (5ms)
Platform modules already initialized, skipping
========================================================================
Worker process is ready to serve import requests
Launched and connected shader compiler UnityShaderCompiler.exe after 0.03 seconds
Refreshing native plugins compatible for Editor in 0.64 ms, found 2 plugins.
Preloading 0 native plugins for Editor in 0.00 ms.
Unloading 2439 Unused Serialized files (Serialized files now loaded: 0)
Unloading 63 unused Assets / (57.1 KB). Loaded Objects now: 2875.
Memory consumption went from 92.9 MB to 92.8 MB.
Total: 4.950800 ms (FindLiveObjects: 0.225200 ms CreateObjectMapping: 0.075200 ms MarkObjects: 4.576700 ms  DeleteObjects: 0.072700 ms)

AssetImportParameters requested are different than current active one (requested -> active):
  custom:video-decoder-ogg-theora: a1e56fd34408186e4bbccfd4996cb3dc -> 
  custom:container-muxer-webm: aa71ff27fc2769a1b78a27578f13a17b -> 
  custom:container-demuxer-webm: 4f35f7cbe854078d1ac9338744f61a02 -> 
  custom:video-encoder-webm-vp8: eb34c28f22e8b96e1ab97ce403110664 -> 
  custom:video-codec-MediaFoundation-h265: 746d11721c4dcdbdad8f713fa42b33f4 -> 
  custom:audio-encoder-webm-vorbis: bf7c407c2cedff20999df2af8eb42d56 -> 
  custom:framework-win-MediaFoundation: 216162199b28c13a410421893ffa2e32 -> 
  custom:container-demuxer-ogg: 62fdf1f143b41e24485cea50d1cbac27 -> 
  custom:video-decoder-webm-vp8: 9c59270c3fd7afecdb556c50c9e8de78 -> 
  custom:audio-decoder-ogg-vorbis: bf7c407c2cedff20999df2af8eb42d56 -> 
========================================================================
Received Import Request.
  Time since last request: 9163.711209 seconds.
  path: Assets/Materials/Bad.mat
  artifactKey: Guid(1d3e1f88acf22744abc7c8acad066b8b) Importer(815301076,1909f56bfc062723c751e8b465ee728b)
Start importing Assets/Materials/Bad.mat using Guid(1d3e1f88acf22744abc7c8acad066b8b) Importer(815301076,1909f56bfc062723c751e8b465ee728b)  -> (artifact id: '640eda17d55e09d95a56f1dd61666b8e') in 0.103210 seconds 
========================================================================
Received Import Request.
  Time since last request: 112.147149 seconds.
  path: Assets/Materials
  artifactKey: Guid(5d4bf4b6dc72ce5468ee03e52646d6a5) Importer(815301076,1909f56bfc062723c751e8b465ee728b)
Start importing Assets/Materials using Guid(5d4bf4b6dc72ce5468ee03e52646d6a5) Importer(815301076,1909f56bfc062723c751e8b465ee728b)  -> (artifact id: '21cff1f546090a02248956e0908cb0c8') in 0.008823 seconds 
========================================================================
Received Import Request.
  Time since last request: 7.674802 seconds.
  path: Assets/Materials/New Material.mat
  artifactKey: Guid(98131b79ab2c0894c96fb30b09dfc254) Importer(815301076,1909f56bfc062723c751e8b465ee728b)
Start importing Assets/Materials/New Material.mat using Guid(98131b79ab2c0894c96fb30b09dfc254) Importer(815301076,1909f56bfc062723c751e8b465ee728b)  -> (artifact id: '6be4cd1cc90dae4e93aa1d33d982a3b9') in 0.012591 seconds 
========================================================================
Received Import Request.
  Time since last request: 425.653833 seconds.
  path: Assets/Materials/download.png
  artifactKey: Guid(b553185213cab594abfd902734d296ae) Importer(815301076,1909f56bfc062723c751e8b465ee728b)
Start importing Assets/Materials/download.png using Guid(b553185213cab594abfd902734d296ae) Importer(815301076,1909f56bfc062723c751e8b465ee728b)  -> (artifact id: '382d01c2fd5429a46ee60e5273820ef8') in 0.044951 seconds 
========================================================================
Received Import Request.
  Time since last request: 7.356050 seconds.
  path: Assets/Materials/download.png
  artifactKey: Guid(b553185213cab594abfd902734d296ae) Importer(815301076,1909f56bfc062723c751e8b465ee728b)
Start importing Assets/Materials/download.png using Guid(b553185213cab594abfd902734d296ae) Importer(815301076,1909f56bfc062723c751e8b465ee728b)  -> (artifact id: '531905cb9496aff234d568f32cf4db90') in 0.011717 seconds 
========================================================================
Received Import Request.
  Time since last request: 6.026753 seconds.
  path: Assets/Materials/download.png
  artifactKey: Guid(b553185213cab594abfd902734d296ae) Importer(815301076,1909f56bfc062723c751e8b465ee728b)
Start importing Assets/Materials/download.png using Guid(b553185213cab594abfd902734d296ae) Importer(815301076,1909f56bfc062723c751e8b465ee728b)  -> (artifact id: '2abe55a78322de4902460b909065f52b') in 0.009869 seconds 
========================================================================
Received Prepare
Refreshing native plugins compatible for Editor in 9.57 ms, found 2 plugins.
Preloading 0 native plugins for Editor in 0.00 ms.
Unloading 52 Unused Serialized files (Serialized files now loaded: 0)
Unloading 52 unused Assets / (22.9 KB). Loaded Objects now: 2918.
Memory consumption went from 49.2 MB to 49.2 MB.
Total: 5.501000 ms (FindLiveObjects: 0.210700 ms CreateObjectMapping: 0.083700 ms MarkObjects: 5.161000 ms  DeleteObjects: 0.044500 ms)

AssetImportParameters requested are different than current active one (requested -> active):
  custom:video-decoder-ogg-theora: a1e56fd34408186e4bbccfd4996cb3dc -> 
  custom:container-muxer-webm: aa71ff27fc2769a1b78a27578f13a17b -> 
  custom:container-demuxer-webm: 4f35f7cbe854078d1ac9338744f61a02 -> 
  custom:video-encoder-webm-vp8: eb34c28f22e8b96e1ab97ce403110664 -> 
  custom:video-codec-MediaFoundation-h265: 746d11721c4dcdbdad8f713fa42b33f4 -> 
  custom:audio-encoder-webm-vorbis: bf7c407c2cedff20999df2af8eb42d56 -> 
  custom:framework-win-MediaFoundation: 216162199b28c13a410421893ffa2e32 -> 
  custom:container-demuxer-ogg: 62fdf1f143b41e24485cea50d1cbac27 -> 
  custom:video-decoder-webm-vp8: 9c59270c3fd7afecdb556c50c9e8de78 -> 
  custom:audio-decoder-ogg-vorbis: bf7c407c2cedff20999df2af8eb42d56 -> 
========================================================================
Received Import Request.
  Time since last request: 67.591620 seconds.
  path: Assets/Materials/Bad.mat
  artifactKey: Guid(1d3e1f88acf22744abc7c8acad066b8b) Importer(815301076,1909f56bfc062723c751e8b465ee728b)
Start importing Assets/Materials/Bad.mat using Guid(1d3e1f88acf22744abc7c8acad066b8b) Importer(815301076,1909f56bfc062723c751e8b465ee728b)  -> (artifact id: 'e4f9cdb571a3e9e6a1f0d878269f0a25') in 0.022228 seconds 
========================================================================
Received Import Request.
  Time since last request: 0.000023 seconds.
  path: Assets/Materials/New Material.mat
  artifactKey: Guid(98131b79ab2c0894c96fb30b09dfc254) Importer(815301076,1909f56bfc062723c751e8b465ee728b)
Start importing Assets/Materials/New Material.mat using Guid(98131b79ab2c0894c96fb30b09dfc254) Importer(815301076,1909f56bfc062723c751e8b465ee728b)  -> (artifact id: '98f549e096163f770f89899f19531da2') in 0.013895 seconds 
========================================================================
Received Prepare
Refreshing native plugins compatible for Editor in 10.48 ms, found 2 plugins.
Preloading 0 native plugins for Editor in 0.00 ms.
Unloading 52 Unused Serialized files (Serialized files now loaded: 0)
Unloading 52 unused Assets / (22.9 KB). Loaded Objects now: 2918.
Memory consumption went from 49.2 MB to 49.2 MB.
Total: 9.424800 ms (FindLiveObjects: 0.365700 ms CreateObjectMapping: 0.220800 ms MarkObjects: 8.798100 ms  DeleteObjects: 0.038200 ms)

AssetImportParameters requested are different than current active one (requested -> active):
  custom:video-decoder-ogg-theora: a1e56fd34408186e4bbccfd4996cb3dc -> 
  custom:container-muxer-webm: aa71ff27fc2769a1b78a27578f13a17b -> 
  custom:container-demuxer-webm: 4f35f7cbe854078d1ac9338744f61a02 -> 
  custom:video-encoder-webm-vp8: eb34c28f22e8b96e1ab97ce403110664 -> 
  custom:video-codec-MediaFoundation-h265: 746d11721c4dcdbdad8f713fa42b33f4 -> 
  custom:audio-encoder-webm-vorbis: bf7c407c2cedff20999df2af8eb42d56 -> 
  custom:framework-win-MediaFoundation: 216162199b28c13a410421893ffa2e32 -> 
  custom:container-demuxer-ogg: 62fdf1f143b41e24485cea50d1cbac27 -> 
  custom:video-decoder-webm-vp8: 9c59270c3fd7afecdb556c50c9e8de78 -> 
  custom:audio-decoder-ogg-vorbis: bf7c407c2cedff20999df2af8eb42d56 -> 
========================================================================
Received Import Request.
  Time since last request: 1385.180969 seconds.
  path: Assets/Materials/Bad.mat
  artifactKey: Guid(1d3e1f88acf22744abc7c8acad066b8b) Importer(815301076,1909f56bfc062723c751e8b465ee728b)
Start importing Assets/Materials/Bad.mat using Guid(1d3e1f88acf22744abc7c8acad066b8b) Importer(815301076,1909f56bfc062723c751e8b465ee728b)  -> (artifact id: '08951f261a5a06a32fab618e96b38ec4') in 0.034888 seconds 
========================================================================
Received Import Request.
  Time since last request: 0.000015 seconds.
  path: Assets/Materials/grey.mat
  artifactKey: Guid(171dc483b45425847bfb2fbbc7481bad) Importer(815301076,1909f56bfc062723c751e8b465ee728b)
Start importing Assets/Materials/grey.mat using Guid(171dc483b45425847bfb2fbbc7481bad) Importer(815301076,1909f56bfc062723c751e8b465ee728b)  -> (artifact id: 'a1599b180c7b2d7d0a39204baed2e1cc') in 0.013007 seconds 
========================================================================
Received Import Request.
  Time since last request: 1438.961580 seconds.
  path: Assets/Ball.cs
  artifactKey: Guid(add39f821050bd3468048da5359d6bb0) Importer(815301076,1909f56bfc062723c751e8b465ee728b)
Start importing Assets/Ball.cs using Guid(add39f821050bd3468048da5359d6bb0) Importer(815301076,1909f56bfc062723c751e8b465ee728b)  -> (artifact id: '8687a42e98f8ddbbf287ffda9c08fbd4') in 0.015667 seconds 
========================================================================
Received Import Request.
  Time since last request: 18.937454 seconds.
  path: Assets/CameraController.cs
  artifactKey: Guid(c34ce4f1ecbd50746a3ea6cf326c9b86) Importer(815301076,1909f56bfc062723c751e8b465ee728b)
Start importing Assets/CameraController.cs using Guid(c34ce4f1ecbd50746a3ea6cf326c9b86) Importer(815301076,1909f56bfc062723c751e8b465ee728b)  -> (artifact id: '5b483c5c4c7b5afd433bcd94ba0e6a38') in 0.008311 seconds 
========================================================================
Received Import Request.
  Time since last request: 3.900885 seconds.
  path: Assets/Cylinder.cs
  artifactKey: Guid(4154e1d74829f2d44840a844735dcb6d) Importer(815301076,1909f56bfc062723c751e8b465ee728b)
Start importing Assets/Cylinder.cs using Guid(4154e1d74829f2d44840a844735dcb6d) Importer(815301076,1909f56bfc062723c751e8b465ee728b)  -> (artifact id: 'fa2bcefa3555cd577a03163a72ffe794') in 0.008924 seconds 
========================================================================
Received Import Request.
  Time since last request: 1.715854 seconds.
  path: Assets/Rotator.cs
  artifactKey: Guid(cae525e1bd6f1244fb30b82664840d96) Importer(815301076,1909f56bfc062723c751e8b465ee728b)
Start importing Assets/Rotator.cs using Guid(cae525e1bd6f1244fb30b82664840d96) Importer(815301076,1909f56bfc062723c751e8b465ee728b)  -> (artifact id: '863ebeca33ebaea9072da626a299ba3f') in 0.007806 seconds 
========================================================================
Received Import Request.
  Time since last request: 5037.927372 seconds.
  path: Assets/Materials/Bad.mat
  artifactKey: Guid(1d3e1f88acf22744abc7c8acad066b8b) Importer(815301076,1909f56bfc062723c751e8b465ee728b)
Start importing Assets/Materials/Bad.mat using Guid(1d3e1f88acf22744abc7c8acad066b8b) Importer(815301076,1909f56bfc062723c751e8b465ee728b)  -> (artifact id: 'df2c43abb78741c4c535c134fae1be91') in 0.033606 seconds 
========================================================================
Received Prepare
Refreshing native plugins compatible for Editor in 20.26 ms, found 2 plugins.
Preloading 0 native plugins for Editor in 0.00 ms.
Unloading 52 Unused Serialized files (Serialized files now loaded: 0)
Unloading 52 unused Assets / (22.9 KB). Loaded Objects now: 2918.
Memory consumption went from 49.2 MB to 49.2 MB.
Total: 6.676000 ms (FindLiveObjects: 0.184200 ms CreateObjectMapping: 0.101300 ms MarkObjects: 6.325900 ms  DeleteObjects: 0.062300 ms)

AssetImportParameters requested are different than current active one (requested -> active):
  custom:video-decoder-ogg-theora: a1e56fd34408186e4bbccfd4996cb3dc -> 
  custom:container-muxer-webm: aa71ff27fc2769a1b78a27578f13a17b -> 
  custom:container-demuxer-webm: 4f35f7cbe854078d1ac9338744f61a02 -> 
  custom:video-encoder-webm-vp8: eb34c28f22e8b96e1ab97ce403110664 -> 
  custom:video-codec-MediaFoundation-h265: 746d11721c4dcdbdad8f713fa42b33f4 -> 
  custom:audio-encoder-webm-vorbis: bf7c407c2cedff20999df2af8eb42d56 -> 
  custom:framework-win-MediaFoundation: 216162199b28c13a410421893ffa2e32 -> 
  custom:container-demuxer-ogg: 62fdf1f143b41e24485cea50d1cbac27 -> 
  custom:video-decoder-webm-vp8: 9c59270c3fd7afecdb556c50c9e8de78 -> 
  custom:audio-decoder-ogg-vorbis: bf7c407c2cedff20999df2af8eb42d56 -> 
========================================================================
Received Import Request.
  Time since last request: 118.286451 seconds.
  path: Assets/Materials/Bad.mat
  artifactKey: Guid(1d3e1f88acf22744abc7c8acad066b8b) Importer(815301076,1909f56bfc062723c751e8b465ee728b)
Start importing Assets/Materials/Bad.mat using Guid(1d3e1f88acf22744abc7c8acad066b8b) Importer(815301076,1909f56bfc062723c751e8b465ee728b)  -> (artifact id: '290baaf85240169fc4471a3c501b4b53') in 0.018990 seconds 
========================================================================
Received Prepare
Refreshing native plugins compatible for Editor in 8.74 ms, found 2 plugins.
Preloading 0 native plugins for Editor in 0.00 ms.
Unloading 52 Unused Serialized files (Serialized files now loaded: 0)
Unloading 52 unused Assets / (22.9 KB). Loaded Objects now: 2918.
Memory consumption went from 49.2 MB to 49.2 MB.
Total: 4.554700 ms (FindLiveObjects: 0.177500 ms CreateObjectMapping: 0.064900 ms MarkObjects: 4.272700 ms  DeleteObjects: 0.038800 ms)

AssetImportParameters requested are different than current active one (requested -> active):
  custom:video-decoder-ogg-theora: a1e56fd34408186e4bbccfd4996cb3dc -> 
  custom:container-muxer-webm: aa71ff27fc2769a1b78a27578f13a17b -> 
  custom:container-demuxer-webm: 4f35f7cbe854078d1ac9338744f61a02 -> 
  custom:video-encoder-webm-vp8: eb34c28f22e8b96e1ab97ce403110664 -> 
  custom:video-codec-MediaFoundation-h265: 746d11721c4dcdbdad8f713fa42b33f4 -> 
  custom:audio-encoder-webm-vorbis: bf7c407c2cedff20999df2af8eb42d56 -> 
  custom:framework-win-MediaFoundation: 216162199b28c13a410421893ffa2e32 -> 
  custom:container-demuxer-ogg: 62fdf1f143b41e24485cea50d1cbac27 -> 
  custom:video-decoder-webm-vp8: 9c59270c3fd7afecdb556c50c9e8de78 -> 
  custom:audio-decoder-ogg-vorbis: bf7c407c2cedff20999df2af8eb42d56 -> 
